2025-04-10 13:01:15,709 - INFO - Succesfully read the YAML file
2025-04-10 13:01:15,709 - INFO - Data Ingestion Started....
2025-04-10 13:01:15,709 - INFO - Starting Data Ingestion Process....
2025-04-10 13:01:18,993 - INFO - Downloading Smaller Files ie anime and anime_with synopsis
2025-04-10 13:01:21,640 - INFO - Downloading Smaller Files ie anime and anime_with synopsis
2025-04-10 13:11:39,736 - INFO - Large file detected Only downloading 5M rows
2025-04-10 13:11:39,752 - INFO - Data Ingestion Completed...
2025-04-10 13:11:39,752 - INFO - Data Ingestion DONE...
2025-04-10 13:11:39,752 - INFO - DataProcessing Intialized
2025-04-10 13:11:40,429 - INFO - Data loaded sucesfully for Data Processing
2025-04-10 13:11:40,542 - INFO - Filtered users sucesfully...
2025-04-10 13:11:41,362 - INFO - Scalind done for Processing 
2025-04-10 13:11:41,456 - INFO - Encoding done for Users and Anime
2025-04-10 13:11:41,877 - INFO - Data splitted sucesfullyy
2025-04-10 13:11:41,892 - INFO - user2user_encoded saved sucesfully in processed directory
2025-04-10 13:11:41,892 - INFO - user2user_decoded saved sucesfully in processed directory
2025-04-10 13:11:41,930 - INFO - anim2anime_encoded saved sucesfully in processed directory
2025-04-10 13:11:41,955 - INFO - anim2anime_decoded saved sucesfully in processed directory
2025-04-10 13:11:45,201 - INFO - ALl the training testing data as well as rating_df is saved now..
2025-04-10 13:11:49,406 - INFO - DF AND SYNOPSIS_Df saved sucesfullyy...
2025-04-10 13:11:49,422 - INFO - Data Processing Pipeline Run sucesfully .... Congrats
2025-04-10 13:11:57,034 - INFO - Model Training & COMET ML initialized..
2025-04-10 13:11:57,113 - INFO - Data loaded sucesfully for Model Trainig
2025-04-10 13:11:57,159 - INFO - Succesfully read the YAML file
2025-04-10 13:11:57,159 - INFO - Loaded configuration from config.yaml
2025-04-10 13:11:57,344 - INFO - Model created sucesfully....
2025-04-10 13:12:23,279 - INFO - Model training Completedd.....
2025-04-10 13:12:23,279 - WARNING - You are saving your model as an HDF5 file via `model.save()` or `keras.saving.save_model(model)`. This file format is considered legacy. We recommend using instead the native Keras format, e.g. `model.save('my_model.keras')` or `keras.saving.save_model(model, 'my_model.keras')`. 
2025-04-10 13:12:23,317 - INFO - Model saved to artifacts/model\model.h5
2025-04-10 13:12:23,320 - INFO - Extracting weights for user_embedding
2025-04-10 13:12:23,325 - INFO - Extracting weights for anime_embedding
2025-04-10 13:12:23,392 - INFO - User and Anime weights saved sucesfully....
